<?xml version="1.0" encoding="UTF-8"?>
<!-- Generated by org.testng.reporters.JUnitReportReporter -->
<testsuite hostname="LAPTOP-MV73V237" failures="0" tests="1" name="TestRunners.RunCucumberTests" time="20.356" errors="0" timestamp="2025-09-08T09:37:15 IST" skipped="0">
  <testcase classname="TestRunners.RunCucumberTests" name="runScenario" time="20.356"/>
</testsuite> <!-- TestRunners.RunCucumberTests -->
